  Seminarski_rad.c
C:\Users\djuri\Desktop\Faks\II godina\NRT\3 semestar\Programski jezici\Seminarski PRJ\PRJ\Seminarski_rad.c(39,51): warning C4996: 'scanf': This function or variable may be unsafe. Consider using scanf_s instead. To disable deprecation, use _CRT_SECURE_NO_WARNINGS. See online help for details.
C:\Users\djuri\Desktop\Faks\II godina\NRT\3 semestar\Programski jezici\Seminarski PRJ\PRJ\Seminarski_rad.c(88,12): warning C4996: 'fopen': This function or variable may be unsafe. Consider using fopen_s instead. To disable deprecation, use _CRT_SECURE_NO_WARNINGS. See online help for details.
C:\Users\djuri\Desktop\Faks\II godina\NRT\3 semestar\Programski jezici\Seminarski PRJ\PRJ\Seminarski_rad.c(78,6): warning C4101: 'j': unreferenced local variable
C:\Users\djuri\Desktop\Faks\II godina\NRT\3 semestar\Programski jezici\Seminarski PRJ\PRJ\Seminarski_rad.c(127,54): warning C4996: 'scanf': This function or variable may be unsafe. Consider using scanf_s instead. To disable deprecation, use _CRT_SECURE_NO_WARNINGS. See online help for details.
C:\Users\djuri\Desktop\Faks\II godina\NRT\3 semestar\Programski jezici\Seminarski PRJ\PRJ\Seminarski_rad.c(140,37): warning C4996: 'scanf': This function or variable may be unsafe. Consider using scanf_s instead. To disable deprecation, use _CRT_SECURE_NO_WARNINGS. See online help for details.
C:\Users\djuri\Desktop\Faks\II godina\NRT\3 semestar\Programski jezici\Seminarski PRJ\PRJ\Seminarski_rad.c(154,50): warning C4996: 'scanf': This function or variable may be unsafe. Consider using scanf_s instead. To disable deprecation, use _CRT_SECURE_NO_WARNINGS. See online help for details.
C:\Users\djuri\Desktop\Faks\II godina\NRT\3 semestar\Programski jezici\Seminarski PRJ\PRJ\Seminarski_rad.c(277,53): warning C4996: 'scanf': This function or variable may be unsafe. Consider using scanf_s instead. To disable deprecation, use _CRT_SECURE_NO_WARNINGS. See online help for details.
C:\Users\djuri\Desktop\Faks\II godina\NRT\3 semestar\Programski jezici\Seminarski PRJ\PRJ\Seminarski_rad.c(304,53): warning C4996: 'scanf': This function or variable may be unsafe. Consider using scanf_s instead. To disable deprecation, use _CRT_SECURE_NO_WARNINGS. See online help for details.
C:\Users\djuri\Desktop\Faks\II godina\NRT\3 semestar\Programski jezici\Seminarski PRJ\PRJ\Seminarski_rad.c(331,53): warning C4996: 'scanf': This function or variable may be unsafe. Consider using scanf_s instead. To disable deprecation, use _CRT_SECURE_NO_WARNINGS. See online help for details.
C:\Users\djuri\Desktop\Faks\II godina\NRT\3 semestar\Programski jezici\Seminarski PRJ\PRJ\Seminarski_rad.c(359,53): warning C4996: 'scanf': This function or variable may be unsafe. Consider using scanf_s instead. To disable deprecation, use _CRT_SECURE_NO_WARNINGS. See online help for details.
C:\Users\djuri\Desktop\Faks\II godina\NRT\3 semestar\Programski jezici\Seminarski PRJ\PRJ\Seminarski_rad.c(386,53): warning C4996: 'scanf': This function or variable may be unsafe. Consider using scanf_s instead. To disable deprecation, use _CRT_SECURE_NO_WARNINGS. See online help for details.
C:\Users\djuri\Desktop\Faks\II godina\NRT\3 semestar\Programski jezici\Seminarski PRJ\PRJ\Seminarski_rad.c(424,53): warning C4996: 'scanf': This function or variable may be unsafe. Consider using scanf_s instead. To disable deprecation, use _CRT_SECURE_NO_WARNINGS. See online help for details.
C:\Users\djuri\Desktop\Faks\II godina\NRT\3 semestar\Programski jezici\Seminarski PRJ\PRJ\Seminarski_rad.c(451,53): warning C4996: 'scanf': This function or variable may be unsafe. Consider using scanf_s instead. To disable deprecation, use _CRT_SECURE_NO_WARNINGS. See online help for details.
C:\Users\djuri\Desktop\Faks\II godina\NRT\3 semestar\Programski jezici\Seminarski PRJ\PRJ\Seminarski_rad.c(478,53): warning C4996: 'scanf': This function or variable may be unsafe. Consider using scanf_s instead. To disable deprecation, use _CRT_SECURE_NO_WARNINGS. See online help for details.
C:\Users\djuri\Desktop\Faks\II godina\NRT\3 semestar\Programski jezici\Seminarski PRJ\PRJ\Seminarski_rad.c(506,53): warning C4996: 'scanf': This function or variable may be unsafe. Consider using scanf_s instead. To disable deprecation, use _CRT_SECURE_NO_WARNINGS. See online help for details.
C:\Users\djuri\Desktop\Faks\II godina\NRT\3 semestar\Programski jezici\Seminarski PRJ\PRJ\Seminarski_rad.c(533,53): warning C4996: 'scanf': This function or variable may be unsafe. Consider using scanf_s instead. To disable deprecation, use _CRT_SECURE_NO_WARNINGS. See online help for details.
C:\Users\djuri\Desktop\Faks\II godina\NRT\3 semestar\Programski jezici\Seminarski PRJ\PRJ\Seminarski_rad.c(569,53): warning C4996: 'scanf': This function or variable may be unsafe. Consider using scanf_s instead. To disable deprecation, use _CRT_SECURE_NO_WARNINGS. See online help for details.
C:\Users\djuri\Desktop\Faks\II godina\NRT\3 semestar\Programski jezici\Seminarski PRJ\PRJ\Seminarski_rad.c(596,53): warning C4996: 'scanf': This function or variable may be unsafe. Consider using scanf_s instead. To disable deprecation, use _CRT_SECURE_NO_WARNINGS. See online help for details.
C:\Users\djuri\Desktop\Faks\II godina\NRT\3 semestar\Programski jezici\Seminarski PRJ\PRJ\Seminarski_rad.c(623,53): warning C4996: 'scanf': This function or variable may be unsafe. Consider using scanf_s instead. To disable deprecation, use _CRT_SECURE_NO_WARNINGS. See online help for details.
C:\Users\djuri\Desktop\Faks\II godina\NRT\3 semestar\Programski jezici\Seminarski PRJ\PRJ\Seminarski_rad.c(651,57): warning C4996: 'scanf': This function or variable may be unsafe. Consider using scanf_s instead. To disable deprecation, use _CRT_SECURE_NO_WARNINGS. See online help for details.
C:\Users\djuri\Desktop\Faks\II godina\NRT\3 semestar\Programski jezici\Seminarski PRJ\PRJ\Seminarski_rad.c(678,57): warning C4996: 'scanf': This function or variable may be unsafe. Consider using scanf_s instead. To disable deprecation, use _CRT_SECURE_NO_WARNINGS. See online help for details.
C:\Users\djuri\Desktop\Faks\II godina\NRT\3 semestar\Programski jezici\Seminarski PRJ\PRJ\Seminarski_rad.c(714,53): warning C4996: 'scanf': This function or variable may be unsafe. Consider using scanf_s instead. To disable deprecation, use _CRT_SECURE_NO_WARNINGS. See online help for details.
C:\Users\djuri\Desktop\Faks\II godina\NRT\3 semestar\Programski jezici\Seminarski PRJ\PRJ\Seminarski_rad.c(741,53): warning C4996: 'scanf': This function or variable may be unsafe. Consider using scanf_s instead. To disable deprecation, use _CRT_SECURE_NO_WARNINGS. See online help for details.
C:\Users\djuri\Desktop\Faks\II godina\NRT\3 semestar\Programski jezici\Seminarski PRJ\PRJ\Seminarski_rad.c(768,53): warning C4996: 'scanf': This function or variable may be unsafe. Consider using scanf_s instead. To disable deprecation, use _CRT_SECURE_NO_WARNINGS. See online help for details.
C:\Users\djuri\Desktop\Faks\II godina\NRT\3 semestar\Programski jezici\Seminarski PRJ\PRJ\Seminarski_rad.c(796,57): warning C4996: 'scanf': This function or variable may be unsafe. Consider using scanf_s instead. To disable deprecation, use _CRT_SECURE_NO_WARNINGS. See online help for details.
C:\Users\djuri\Desktop\Faks\II godina\NRT\3 semestar\Programski jezici\Seminarski PRJ\PRJ\Seminarski_rad.c(823,57): warning C4996: 'scanf': This function or variable may be unsafe. Consider using scanf_s instead. To disable deprecation, use _CRT_SECURE_NO_WARNINGS. See online help for details.
C:\Users\djuri\Desktop\Faks\II godina\NRT\3 semestar\Programski jezici\Seminarski PRJ\PRJ\Seminarski_rad.c(874,11): warning C4996: 'fopen': This function or variable may be unsafe. Consider using fopen_s instead. To disable deprecation, use _CRT_SECURE_NO_WARNINGS. See online help for details.
C:\Users\djuri\Desktop\Faks\II godina\NRT\3 semestar\Programski jezici\Seminarski PRJ\PRJ\Seminarski_rad.c(886,11): warning C4996: 'fopen': This function or variable may be unsafe. Consider using fopen_s instead. To disable deprecation, use _CRT_SECURE_NO_WARNINGS. See online help for details.
C:\Users\djuri\Desktop\Faks\II godina\NRT\3 semestar\Programski jezici\Seminarski PRJ\PRJ\Seminarski_rad.c(867,21): warning C4101: 'c': unreferenced local variable
  PRJ.vcxproj -> C:\Users\djuri\Desktop\Faks\II godina\NRT\3 semestar\Programski jezici\Seminarski PRJ\Debug\PRJ.exe
